[2025-06-06 21:31:41] [INFO] GET request for /index.html -> 200 OK
[2025-06-06 21:31:41] [INFO] GET request for /style.css -> 200 OK
[2025-06-06 21:31:41] [INFO] GET request for /img/cloth.png -> 200 OK
[2025-06-06 21:31:53] [INFO] GET request for /home.html -> 200 OK
[2025-06-06 21:31:53] [INFO] GET request for /style.css -> 200 OK
[2025-06-06 21:31:53] [INFO] GET request for /img/costosi.png -> 200 OK
[2025-06-06 21:31:53] [INFO] GET request for /img/economici.png -> 200 OK
[2025-06-06 21:31:53] [INFO] GET request for /img/cloth.png -> 200 OK
[2025-06-06 21:32:14] [INFO] GET request for /costosi.html -> 200 OK
[2025-06-06 21:32:14] [INFO] GET request for /style.css -> 200 OK
[2025-06-06 21:32:14] [INFO] GET request for /img/gucci.png -> 200 OK
[2025-06-06 21:32:14] [INFO] GET request for /img/prada.png -> 200 OK
[2025-06-06 21:32:14] [INFO] GET request for /img/balenciaga.png -> 200 OK
[2025-06-06 21:32:14] [WARNING] GET request for /fonts/Ginger.ttf -> 404 Not Found
[2025-06-06 21:32:15] [INFO] GET request for /brand/gucci.html -> 200 OK
[2025-06-06 21:32:15] [INFO] GET request for /style.css -> 200 OK
[2025-06-06 21:32:15] [INFO] GET request for /img/gucci.png -> 200 OK
[2025-06-06 21:32:15] [INFO] GET request for /img/gucci1.png -> 200 OK
[2025-06-06 21:32:15] [INFO] GET request for /img/gucci2.png -> 200 OK
[2025-06-06 21:32:15] [INFO] GET request for /img/gucci3.png -> 200 OK
